<!DOCTYPE suite SYSTEM "https://testng.org/testng-1.0.dtd" >

<suite name="Suite1" verbose="1" >
    <test name = "CommandsTest">
        <classes>
            <class name = "CommandsTest" />
        </classes>
    </test>

    <test name = "FtpClientTest">
        <classes>
            <class name = "FtpClientTest" />
        </classes>
    </test>
</suite>